<?xml version="1.0" encoding="UTF-8"?>
<!-- Generated by org.testng.reporters.JUnitReportReporter -->
<testsuite hostname="DL-IN-KA-000021" failures="0" tests="1" name="RestAssuredBDD.BDD.putRequest" time="2.945" errors="0" timestamp="2021-02-09T14:07:43 IST" skipped="0">
  <testcase classname="RestAssuredBDD.BDD.putRequest" name="editPostwithId" time="2.945"/>
  <system-out/>
</testsuite> <!-- RestAssuredBDD.BDD.putRequest -->
