<?xml version="1.0" encoding="UTF-8"?>
<!-- Generated by org.testng.reporters.JUnitReportReporter -->
<testsuite hostname="DL-IN-KA-000021" failures="0" tests="1" name="RestAssuredBDD.BDD.deleteRequest" time="1.190" errors="0" timestamp="2021-02-09T14:19:19 IST" skipped="0">
  <testcase classname="RestAssuredBDD.BDD.deleteRequest" name="deletePost" time="1.190"/>
  <system-out/>
</testsuite> <!-- RestAssuredBDD.BDD.deleteRequest -->
