<?xml version="1.0" encoding="UTF-8"?>
<!-- Generated by org.testng.reporters.JUnitReportReporter -->
<testsuite hostname="DL-IN-KA-000021" failures="0" tests="1" name="RestAssured.getRequest" time="2.707" errors="0" timestamp="2021-02-09T11:55:34 IST" skipped="0">
  <testcase classname="RestAssured.getRequest" name="getWeatherApi" time="2.707"/>
  <system-out/>
</testsuite> <!-- RestAssured.getRequest -->
