<?xml version="1.0" encoding="UTF-8"?>
<!-- Generated by org.testng.reporters.JUnitReportReporter -->
<testsuite hostname="DL-IN-KA-000021" failures="0" tests="1" name="RestAssuredBDD.BDD.GetRequest" time="2.435" errors="0" timestamp="2021-02-09T13:51:24 IST" skipped="0">
  <testcase classname="RestAssuredBDD.BDD.GetRequest" name="getPostById" time="2.435"/>
  <system-out/>
</testsuite> <!-- RestAssuredBDD.BDD.GetRequest -->
