<?xml version="1.0" encoding="UTF-8"?>
<!-- Generated by org.testng.reporters.JUnitReportReporter -->
<testsuite hostname="DL-IN-KA-000021" failures="0" tests="1" name="RestAssuredBDD.BDD.PostRequest" time="3.166" errors="0" timestamp="2021-02-09T13:48:25 IST" skipped="0">
  <testcase classname="RestAssuredBDD.BDD.PostRequest" name="postRecord" time="3.166"/>
  <system-out/>
</testsuite> <!-- RestAssuredBDD.BDD.PostRequest -->
